<?xml version="1.0" encoding="UTF-8"?>
<!-- Generated by org.testng.reporters.JUnitReportReporter -->
<testsuite hostname="nd0313835045625" name="com.example.demo.testfile" tests="1" failures="0" timestamp="1 Feb 2018 06:12:04 GMT" time="1.105" errors="0">
  <testcase name="generatePOJO" time="1.105" classname="com.example.demo.testfile"/>
</testsuite> <!-- com.example.demo.testfile -->
