<?xml version="1.0" encoding="UTF-8"?>
<!-- Generated by org.testng.reporters.JUnitReportReporter -->
<testsuite hostname="nd0313835045625" name="com.example.demo.testfile" tests="1" failures="0" timestamp="8 Feb 2018 15:43:34 GMT" time="0.561" errors="0">
  <testcase name="TC" time="0.561" classname="com.example.demo.testfile"/>
</testsuite> <!-- com.example.demo.testfile -->
