<?xml version="1.0" encoding="UTF-8"?>
<!-- Generated by org.testng.reporters.JUnitReportReporter -->
<testsuite hostname="nd0313835045625" name="com.example.demo.testfile" tests="8" failures="0" timestamp="6 Feb 2018 10:12:42 GMT" time="14.530" errors="0">
  <testcase name="generatePOJO" time="0.394" classname="com.example.demo.testfile"/>
  <testcase name="TC1" time="14.123" classname="com.example.demo.testfile"/>
  <testcase name="TC1" time="0.004" classname="com.example.demo.testfile"/>
  <testcase name="TC1" time="0.001" classname="com.example.demo.testfile"/>
  <testcase name="TC1" time="0.001" classname="com.example.demo.testfile"/>
  <testcase name="TC1" time="0.002" classname="com.example.demo.testfile"/>
  <testcase name="TC1" time="0.002" classname="com.example.demo.testfile"/>
  <testcase name="TC1" time="0.003" classname="com.example.demo.testfile"/>
</testsuite> <!-- com.example.demo.testfile -->
