<?xml version="1.0" encoding="UTF-8"?>
<!-- Generated by org.testng.reporters.JUnitReportReporter -->
<testsuite hostname="nd0313835045625" name="com.example.demo.updateData" tests="77" failures="0" timestamp="12 Feb 2018 06:55:27 GMT" time="2.546" errors="0">
  <testcase name="TC_CVUploadAPITest_001_VerifyUpload" time="0.032" classname="com.example.demo.updateData"/>
  <testcase name="TC_CVUploadAPITest_001_VerifyUpload" time="0.023" classname="com.example.demo.updateData"/>
  <testcase name="TC_CVUploadAPITest_001_VerifyUpload" time="0.024" classname="com.example.demo.updateData"/>
  <testcase name="TC_CVUploadAPITest_001_VerifyUpload" time="0.016" classname="com.example.demo.updateData"/>
  <testcase name="TC_CVUploadAPITest_001_VerifyUpload" time="0.024" classname="com.example.demo.updateData"/>
  <testcase name="TC_CVUploadAPITest_001_VerifyUpload" time="0.531" classname="com.example.demo.updateData"/>
  <testcase name="TC_CVUploadAPITest_001_VerifyUpload" time="0.025" classname="com.example.demo.updateData"/>
  <testcase name="TC_CVUploadAPITest_001_VerifyUpload" time="0.024" classname="com.example.demo.updateData"/>
  <testcase name="TC_CVUploadAPITest_001_VerifyUpload" time="0.023" classname="com.example.demo.updateData"/>
  <testcase name="TC_CVUploadAPITest_001_VerifyUpload" time="0.016" classname="com.example.demo.updateData"/>
  <testcase name="TC_CVUploadAPITest_001_VerifyUpload" time="0.023" classname="com.example.demo.updateData"/>
  <testcase name="TC_CVUploadAPITest_001_VerifyUpload" time="0.024" classname="com.example.demo.updateData"/>
  <testcase name="TC_CVUploadAPITest_001_VerifyUpload" time="0.034" classname="com.example.demo.updateData"/>
  <testcase name="TC_CVUploadAPITest_001_VerifyUpload" time="0.024" classname="com.example.demo.updateData"/>
  <testcase name="TC_CVUploadAPITest_001_VerifyUpload" time="0.017" classname="com.example.demo.updateData"/>
  <testcase name="TC_CVUploadAPITest_001_VerifyUpload" time="0.032" classname="com.example.demo.updateData"/>
  <testcase name="TC_CVUploadAPITest_001_VerifyUpload" time="0.072" classname="com.example.demo.updateData"/>
  <testcase name="TC_CVUploadAPITest_001_VerifyUpload" time="0.024" classname="com.example.demo.updateData"/>
  <testcase name="TC_CVUploadAPITest_001_VerifyUpload" time="0.020" classname="com.example.demo.updateData"/>
  <testcase name="TC_CVUploadAPITest_001_VerifyUpload" time="0.022" classname="com.example.demo.updateData"/>
  <testcase name="TC_CVUploadAPITest_001_VerifyUpload" time="0.018" classname="com.example.demo.updateData"/>
  <testcase name="TC_CVUploadAPITest_001_VerifyUpload" time="0.035" classname="com.example.demo.updateData"/>
  <testcase name="TC_CVUploadAPITest_001_VerifyUpload" time="0.020" classname="com.example.demo.updateData"/>
  <testcase name="TC_CVUploadAPITest_001_VerifyUpload" time="0.025" classname="com.example.demo.updateData"/>
  <testcase name="TC_CVUploadAPITest_001_VerifyUpload" time="0.023" classname="com.example.demo.updateData"/>
  <testcase name="TC_CVUploadAPITest_001_VerifyUpload" time="0.022" classname="com.example.demo.updateData"/>
  <testcase name="TC_CVUploadAPITest_001_VerifyUpload" time="0.024" classname="com.example.demo.updateData"/>
  <testcase name="TC_CVUploadAPITest_001_VerifyUpload" time="0.023" classname="com.example.demo.updateData"/>
  <testcase name="TC_CVUploadAPITest_001_VerifyUpload" time="0.026" classname="com.example.demo.updateData"/>
  <testcase name="TC_CVUploadAPITest_001_VerifyUpload" time="0.033" classname="com.example.demo.updateData"/>
  <testcase name="TC_CVUploadAPITest_001_VerifyUpload" time="0.023" classname="com.example.demo.updateData"/>
  <testcase name="TC_CVUploadAPITest_001_VerifyUpload" time="0.027" classname="com.example.demo.updateData"/>
  <testcase name="TC_CVUploadAPITest_001_VerifyUpload" time="0.024" classname="com.example.demo.updateData"/>
  <testcase name="TC_CVUploadAPITest_001_VerifyUpload" time="0.029" classname="com.example.demo.updateData"/>
  <testcase name="TC_CVUploadAPITest_001_VerifyUpload" time="0.024" classname="com.example.demo.updateData"/>
  <testcase name="TC_CVUploadAPITest_001_VerifyUpload" time="0.022" classname="com.example.demo.updateData"/>
  <testcase name="TC_CVUploadAPITest_001_VerifyUpload" time="0.025" classname="com.example.demo.updateData"/>
  <testcase name="TC_CVUploadAPITest_001_VerifyUpload" time="0.023" classname="com.example.demo.updateData"/>
  <testcase name="TC_CVUploadAPITest_001_VerifyUpload" time="0.047" classname="com.example.demo.updateData"/>
  <testcase name="TC_CVUploadAPITest_001_VerifyUpload" time="0.039" classname="com.example.demo.updateData"/>
  <testcase name="TC_CVUploadAPITest_001_VerifyUpload" time="0.022" classname="com.example.demo.updateData"/>
  <testcase name="TC_CVUploadAPITest_001_VerifyUpload" time="0.041" classname="com.example.demo.updateData"/>
  <testcase name="TC_CVUploadAPITest_001_VerifyUpload" time="0.024" classname="com.example.demo.updateData"/>
  <testcase name="TC_CVUploadAPITest_001_VerifyUpload" time="0.021" classname="com.example.demo.updateData"/>
  <testcase name="TC_CVUploadAPITest_001_VerifyUpload" time="0.041" classname="com.example.demo.updateData"/>
  <testcase name="TC_CVUploadAPITest_001_VerifyUpload" time="0.024" classname="com.example.demo.updateData"/>
  <testcase name="TC_CVUploadAPITest_001_VerifyUpload" time="0.024" classname="com.example.demo.updateData"/>
  <testcase name="TC_CVUploadAPITest_001_VerifyUpload" time="0.041" classname="com.example.demo.updateData"/>
  <testcase name="TC_CVUploadAPITest_001_VerifyUpload" time="0.031" classname="com.example.demo.updateData"/>
  <testcase name="TC_CVUploadAPITest_001_VerifyUpload" time="0.016" classname="com.example.demo.updateData"/>
  <testcase name="TC_CVUploadAPITest_001_VerifyUpload" time="0.016" classname="com.example.demo.updateData"/>
  <testcase name="TC_CVUploadAPITest_001_VerifyUpload" time="0.029" classname="com.example.demo.updateData"/>
  <testcase name="TC_CVUploadAPITest_001_VerifyUpload" time="0.031" classname="com.example.demo.updateData"/>
  <testcase name="TC_CVUploadAPITest_001_VerifyUpload" time="0.023" classname="com.example.demo.updateData"/>
  <testcase name="TC_CVUploadAPITest_001_VerifyUpload" time="0.024" classname="com.example.demo.updateData"/>
  <testcase name="TC_CVUploadAPITest_001_VerifyUpload" time="0.017" classname="com.example.demo.updateData"/>
  <testcase name="TC_CVUploadAPITest_001_VerifyUpload" time="0.025" classname="com.example.demo.updateData"/>
  <testcase name="TC_CVUploadAPITest_001_VerifyUpload" time="0.024" classname="com.example.demo.updateData"/>
  <testcase name="TC_CVUploadAPITest_001_VerifyUpload" time="0.024" classname="com.example.demo.updateData"/>
  <testcase name="TC_CVUploadAPITest_001_VerifyUpload" time="0.023" classname="com.example.demo.updateData"/>
  <testcase name="TC_CVUploadAPITest_001_VerifyUpload" time="0.022" classname="com.example.demo.updateData"/>
  <testcase name="TC_CVUploadAPITest_001_VerifyUpload" time="0.054" classname="com.example.demo.updateData"/>
  <testcase name="TC_CVUploadAPITest_001_VerifyUpload" time="0.024" classname="com.example.demo.updateData"/>
  <testcase name="TC_CVUploadAPITest_001_VerifyUpload" time="0.023" classname="com.example.demo.updateData"/>
  <testcase name="TC_CVUploadAPITest_001_VerifyUpload" time="0.023" classname="com.example.demo.updateData"/>
  <testcase name="TC_CVUploadAPITest_001_VerifyUpload" time="0.025" classname="com.example.demo.updateData"/>
  <testcase name="TC_CVUploadAPITest_001_VerifyUpload" time="0.025" classname="com.example.demo.updateData"/>
  <testcase name="TC_CVUploadAPITest_001_VerifyUpload" time="0.024" classname="com.example.demo.updateData"/>
  <testcase name="TC_CVUploadAPITest_001_VerifyUpload" time="0.023" classname="com.example.demo.updateData"/>
  <testcase name="TC_CVUploadAPITest_001_VerifyUpload" time="0.030" classname="com.example.demo.updateData"/>
  <testcase name="TC_CVUploadAPITest_001_VerifyUpload" time="0.035" classname="com.example.demo.updateData"/>
  <testcase name="TC_CVUploadAPITest_001_VerifyUpload" time="0.024" classname="com.example.demo.updateData"/>
  <testcase name="TC_CVUploadAPITest_001_VerifyUpload" time="0.024" classname="com.example.demo.updateData"/>
  <testcase name="TC_CVUploadAPITest_001_VerifyUpload" time="0.026" classname="com.example.demo.updateData"/>
  <testcase name="TC_CVUploadAPITest_001_VerifyUpload" time="0.034" classname="com.example.demo.updateData"/>
  <testcase name="TC_CVUploadAPITest_001_VerifyUpload" time="0.023" classname="com.example.demo.updateData"/>
  <testcase name="TC_CVUploadAPITest_001_VerifyUpload" time="0.024" classname="com.example.demo.updateData"/>
</testsuite> <!-- com.example.demo.updateData -->
